2024-01-25 18:10:15,265 - settings - __init__ - INFO: アプリケーション設定ファイルロード成功
2024-01-25 18:10:15,265 - settings - __init__ - INFO: アプリケーション設定パラメータフォーマットチェック完了
2024-01-25 18:10:15,265 - settings - __init__ - INFO: 測定局別設定パラメータフォーマットチェック完了
2024-01-25 18:10:15,272 - soundvalid - main - INFO: 異常検知モードで実行
2024-01-25 18:10:15,272 - soundvalid - main - ERROR: 騒音計マイク感度チェック失敗 実行対象の測定局がありません、終了します
2024-01-25 18:11:02,621 - settings - __init__ - INFO: アプリケーション設定ファイルロード成功
2024-01-25 18:11:02,635 - settings - __init__ - INFO: アプリケーション設定パラメータフォーマットチェック完了
2024-01-25 18:11:02,635 - settings - __init__ - INFO: 測定局別設定パラメータフォーマットチェック完了
2024-01-25 18:11:02,638 - soundvalid - main - INFO: 異常検知モードで実行
2024-01-25 18:11:02,639 - soundvalid - main - ERROR: 騒音計マイク感度チェック失敗 実行対象の測定局がありません、終了します
2024-01-25 18:11:06,316 - failure_detecter - _do_valid_station - INFO: CH53-2024-01-24-マイク故障チェック異常なし
2024-01-25 18:11:17,764 - failure_detecter - _do_valid_station - INFO: CH53-2024-01-23-マイク故障チェック異常なし
2024-01-25 18:11:23,541 - failure_detecter - _do_valid_station - INFO: CH53-2024-01-22-マイク故障チェック異常なし
2024-01-25 18:11:24,495 - failure_detecter - _do_valid_station - INFO: CH53-2024-01-21-マイク故障チェック異常なし
2024-01-25 18:11:27,117 - failure_detecter - _do_valid_station - INFO: CH53-2024-01-20-マイク故障チェック異常なし
2024-01-25 18:11:34,935 - failure_detecter - _do_valid_station - INFO: CH53-2024-01-19-マイク故障チェック異常なし
2024-01-25 18:11:42,045 - failure_detecter - _do_valid_station - INFO: CH53-2024-01-18-マイク故障チェック異常なし
2024-01-25 18:11:48,913 - failure_detecter - _do_valid_station - INFO: CH53-2024-01-17-マイク故障チェック異常なし
2024-01-25 18:12:04,594 - failure_detecter - _do_valid_station - INFO: CH53-2024-01-16-マイク故障チェック異常なし
2024-01-25 18:12:41,108 - failure_detecter - _do_valid_station - INFO: CH53-2024-01-15-マイク故障チェック異常なし
2024-01-25 18:15:38,006 - settings - __init__ - INFO: アプリケーション設定ファイルロード成功
2024-01-25 18:15:38,008 - settings - __init__ - INFO: アプリケーション設定パラメータフォーマットチェック完了
2024-01-25 18:15:38,009 - settings - __init__ - INFO: 測定局別設定パラメータフォーマットチェック完了
2024-01-25 18:15:38,010 - soundvalid - main - INFO: 異常検知モードで実行
2024-01-25 18:15:39,864 - sensitivity_detecter - _do_valid_station - INFO: CH53-2024-01-24-500Hz:感度チェック分析成功
2024-01-25 18:15:41,608 - sensitivity_detecter - _do_valid_station - INFO: CH53-2024-01-24-1000Hz:感度チェック分析成功
2024-01-25 18:15:41,608 - sensitivity_detecter - _do_valid_station - INFO: CH53-2024-01-24-マイク感度チェック異常なし
2024-01-25 18:15:47,859 - sensitivity_detecter - _do_valid_station - INFO: CH53-2024-01-23-500Hz:感度チェック分析成功
2024-01-25 18:15:54,027 - sensitivity_detecter - _do_valid_station - INFO: CH53-2024-01-23-1000Hz:感度チェック分析成功
2024-01-25 18:15:54,028 - sensitivity_detecter - _do_valid_station - INFO: CH53-2024-01-23-マイク感度チェック異常なし
2024-01-25 18:15:57,282 - sensitivity_detecter - _do_valid_station - INFO: CH53-2024-01-22-500Hz:感度チェック分析成功
2024-01-25 18:16:00,250 - sensitivity_detecter - _do_valid_station - INFO: CH53-2024-01-22-1000Hz:感度チェック分析成功
2024-01-25 18:16:00,263 - sensitivity_detecter - _do_valid_station - INFO: CH53-2024-01-22-マイク感度チェック異常なし
2024-01-25 18:16:00,970 - sensitivity_detecter - _get_target_parms_freq - ERROR: 対象日以前からの異常検知パラメータ補充処理に失敗-データ読み込み数上限に達しました
2024-01-25 18:16:00,970 - sensitivity_detecter - _do_valid_station - ERROR: 500Hz-対象日以前からの異常検知パラメータ補充処理に失敗-データ読み込み数上限に達しました]
2024-01-25 18:16:01,766 - sensitivity_detecter - _get_target_parms_freq - ERROR: 対象日以前からの異常検知パラメータ補充処理に失敗-データ読み込み数上限に達しました
2024-01-25 18:16:01,766 - sensitivity_detecter - _do_valid_station - ERROR: 1000Hz-対象日以前からの異常検知パラメータ補充処理に失敗-データ読み込み数上限に達しました]
2024-01-25 18:16:01,778 - sensitivity_detecter - _do_valid_station - INFO: CH53-2024-01-21-マイク感度チェック異常なし
2024-01-25 18:16:03,703 - sensitivity_detecter - _get_target_parms_freq - ERROR: 対象日以前からの異常検知パラメータ補充処理に失敗-データ読み込み数上限に達しました
2024-01-25 18:16:03,703 - sensitivity_detecter - _do_valid_station - ERROR: 500Hz-対象日以前からの異常検知パラメータ補充処理に失敗-データ読み込み数上限に達しました]
2024-01-25 18:16:05,420 - sensitivity_detecter - _get_target_parms_freq - ERROR: 対象日以前からの異常検知パラメータ補充処理に失敗-データ読み込み数上限に達しました
2024-01-25 18:16:05,420 - sensitivity_detecter - _do_valid_station - ERROR: 1000Hz-対象日以前からの異常検知パラメータ補充処理に失敗-データ読み込み数上限に達しました]
2024-01-25 18:16:05,432 - sensitivity_detecter - _do_valid_station - INFO: CH53-2024-01-20-マイク感度チェック異常なし
2024-01-25 18:16:09,482 - sensitivity_detecter - _do_valid_station - INFO: CH53-2024-01-19-500Hz:感度チェック分析成功
2024-01-25 18:16:13,812 - sensitivity_detecter - _do_valid_station - INFO: CH53-2024-01-19-1000Hz:感度チェック分析成功
2024-01-25 18:16:13,812 - sensitivity_detecter - _do_valid_station - INFO: CH53-2024-01-19-マイク感度チェック異常なし
2024-01-25 18:16:17,783 - sensitivity_detecter - _do_valid_station - INFO: CH53-2024-01-18-500Hz:感度チェック分析成功
2024-01-25 18:16:21,599 - sensitivity_detecter - _do_valid_station - INFO: CH53-2024-01-18-1000Hz:感度チェック分析成功
2024-01-25 18:16:21,600 - sensitivity_detecter - _do_valid_station - INFO: CH53-2024-01-18-マイク感度チェック異常なし
2024-01-25 18:16:24,954 - sensitivity_detecter - _do_valid_station - INFO: CH53-2024-01-17-500Hz:感度チェック分析成功
2024-01-25 18:16:28,366 - sensitivity_detecter - _do_valid_station - INFO: CH53-2024-01-17-1000Hz:感度チェック分析成功
2024-01-25 18:16:28,367 - sensitivity_detecter - _do_valid_station - INFO: CH53-2024-01-17-マイク感度チェック異常なし
2024-01-25 18:16:36,717 - sensitivity_detecter - _do_valid_station - INFO: CH53-2024-01-16-500Hz:感度チェック分析成功
2024-01-25 18:16:44,685 - sensitivity_detecter - _do_valid_station - INFO: CH53-2024-01-16-1000Hz:感度チェック分析成功
2024-01-25 18:16:44,685 - sensitivity_detecter - _do_valid_station - INFO: CH53-2024-01-16-マイク感度チェック異常なし
2024-01-25 18:17:03,189 - sensitivity_detecter - _do_valid_station - INFO: CH53-2024-01-15-500Hz:感度チェック分析成功
2024-01-25 18:17:21,829 - sensitivity_detecter - _do_valid_station - INFO: CH53-2024-01-15-1000Hz:感度チェック分析成功
2024-01-25 18:17:21,829 - sensitivity_detecter - _do_valid_station - INFO: CH53-2024-01-15-マイク感度チェック異常なし
2024-01-25 18:17:21,829 - soundvalid - main - ERROR: 騒音計マイク故障チェック失敗 実行対象の測定局がありません、終了します
2024-01-25 18:23:39,720 - settings - __init__ - INFO: アプリケーション設定ファイルロード成功
2024-01-25 18:23:39,722 - settings - __init__ - INFO: アプリケーション設定パラメータフォーマットチェック完了
2024-01-25 18:23:39,722 - settings - __init__ - INFO: 測定局別設定パラメータフォーマットチェック完了
2024-01-25 18:23:39,724 - soundvalid - main - INFO: 異常検知モードで実行
2024-01-25 18:23:41,562 - sensitivity_detecter - _do_valid_station - INFO: CH53-2024-01-24-500Hz:感度チェック分析成功
2024-01-25 18:23:43,296 - sensitivity_detecter - _do_valid_station - INFO: CH53-2024-01-24-1000Hz:感度チェック分析成功
2024-01-25 18:23:43,296 - sensitivity_detecter - _do_valid_station - INFO: CH53-2024-01-24-マイク感度チェック異常なし
2024-01-25 18:23:49,029 - sensitivity_detecter - _do_valid_station - INFO: CH53-2024-01-23-500Hz:感度チェック分析成功
2024-01-25 18:23:54,701 - sensitivity_detecter - _do_valid_station - INFO: CH53-2024-01-23-1000Hz:感度チェック分析成功
2024-01-25 18:23:54,701 - sensitivity_detecter - _do_valid_station - INFO: CH53-2024-01-23-マイク感度チェック異常なし
2024-01-25 18:23:57,717 - sensitivity_detecter - _do_valid_station - INFO: CH53-2024-01-22-500Hz:感度チェック分析成功
2024-01-25 18:24:00,640 - sensitivity_detecter - _do_valid_station - INFO: CH53-2024-01-22-1000Hz:感度チェック分析成功
2024-01-25 18:24:00,640 - sensitivity_detecter - _do_valid_station - INFO: CH53-2024-01-22-マイク感度チェック異常なし
2024-01-25 18:24:01,344 - sensitivity_detecter - _get_target_parms_freq - ERROR: 対象日以前からの異常検知パラメータ補充処理に失敗-データ読み込み数上限に達しました
2024-01-25 18:24:01,344 - sensitivity_detecter - _do_valid_station - ERROR: 500Hz-対象日以前からの異常検知パラメータ補充処理に失敗-データ読み込み数上限に達しました]
2024-01-25 18:24:02,139 - sensitivity_detecter - _get_target_parms_freq - ERROR: 対象日以前からの異常検知パラメータ補充処理に失敗-データ読み込み数上限に達しました
2024-01-25 18:24:02,139 - sensitivity_detecter - _do_valid_station - ERROR: 1000Hz-対象日以前からの異常検知パラメータ補充処理に失敗-データ読み込み数上限に達しました]
2024-01-25 18:24:02,139 - sensitivity_detecter - _do_valid_station - INFO: CH53-2024-01-21-マイク感度チェック異常なし
2024-01-25 18:24:04,081 - sensitivity_detecter - _get_target_parms_freq - ERROR: 対象日以前からの異常検知パラメータ補充処理に失敗-データ読み込み数上限に達しました
2024-01-25 18:24:04,081 - sensitivity_detecter - _do_valid_station - ERROR: 500Hz-対象日以前からの異常検知パラメータ補充処理に失敗-データ読み込み数上限に達しました]
2024-01-25 18:24:05,763 - sensitivity_detecter - _get_target_parms_freq - ERROR: 対象日以前からの異常検知パラメータ補充処理に失敗-データ読み込み数上限に達しました
2024-01-25 18:24:05,763 - sensitivity_detecter - _do_valid_station - ERROR: 1000Hz-対象日以前からの異常検知パラメータ補充処理に失敗-データ読み込み数上限に達しました]
2024-01-25 18:24:05,763 - sensitivity_detecter - _do_valid_station - INFO: CH53-2024-01-20-マイク感度チェック異常なし
2024-01-25 18:24:09,891 - sensitivity_detecter - _do_valid_station - INFO: CH53-2024-01-19-500Hz:感度チェック分析成功
2024-01-25 18:24:13,983 - sensitivity_detecter - _do_valid_station - INFO: CH53-2024-01-19-1000Hz:感度チェック分析成功
2024-01-25 18:24:13,985 - sensitivity_detecter - _do_valid_station - INFO: CH53-2024-01-19-マイク感度チェック異常なし
2024-01-25 18:24:17,764 - sensitivity_detecter - _do_valid_station - INFO: CH53-2024-01-18-500Hz:感度チェック分析成功
2024-01-25 18:24:21,379 - sensitivity_detecter - _do_valid_station - INFO: CH53-2024-01-18-1000Hz:感度チェック分析成功
2024-01-25 18:24:21,380 - sensitivity_detecter - _do_valid_station - INFO: CH53-2024-01-18-マイク感度チェック異常なし
2024-01-25 18:24:25,252 - sensitivity_detecter - _do_valid_station - INFO: CH53-2024-01-17-500Hz:感度チェック分析成功
2024-01-25 18:24:28,670 - sensitivity_detecter - _do_valid_station - INFO: CH53-2024-01-17-1000Hz:感度チェック分析成功
2024-01-25 18:24:28,670 - sensitivity_detecter - _do_valid_station - INFO: CH53-2024-01-17-マイク感度チェック異常なし
2024-01-25 18:24:36,675 - sensitivity_detecter - _do_valid_station - INFO: CH53-2024-01-16-500Hz:感度チェック分析成功
2024-01-25 18:24:44,701 - sensitivity_detecter - _do_valid_station - INFO: CH53-2024-01-16-1000Hz:感度チェック分析成功
2024-01-25 18:24:44,701 - sensitivity_detecter - _do_valid_station - INFO: CH53-2024-01-16-マイク感度チェック異常なし
2024-01-25 18:25:04,451 - sensitivity_detecter - _do_valid_station - INFO: CH53-2024-01-15-500Hz:感度チェック分析成功
2024-01-25 18:25:23,144 - sensitivity_detecter - _do_valid_station - INFO: CH53-2024-01-15-1000Hz:感度チェック分析成功
2024-01-25 18:25:23,144 - sensitivity_detecter - _do_valid_station - INFO: CH53-2024-01-15-マイク感度チェック異常なし
2024-01-25 18:25:26,682 - failure_detecter - _do_valid_station - INFO: CH53-2024-01-24-マイク故障チェック異常なし
2024-01-25 18:25:39,869 - failure_detecter - _do_valid_station - INFO: CH53-2024-01-23-マイク故障チェック異常なし
2024-01-25 18:25:46,531 - failure_detecter - _do_valid_station - INFO: CH53-2024-01-22-マイク故障チェック異常なし
2024-01-25 18:25:47,573 - failure_detecter - _do_valid_station - INFO: CH53-2024-01-21-マイク故障チェック異常なし
2024-01-25 18:25:50,735 - failure_detecter - _do_valid_station - INFO: CH53-2024-01-20-マイク故障チェック異常なし
2024-01-25 18:25:59,685 - failure_detecter - _do_valid_station - INFO: CH53-2024-01-19-マイク故障チェック異常なし
2024-01-25 18:26:07,154 - failure_detecter - _do_valid_station - INFO: CH53-2024-01-18-マイク故障チェック異常なし
2024-01-25 18:26:13,895 - failure_detecter - _do_valid_station - INFO: CH53-2024-01-17-マイク故障チェック異常なし
2024-01-25 18:26:30,568 - failure_detecter - _do_valid_station - INFO: CH53-2024-01-16-マイク故障チェック異常なし
