2024-01-16 18:35:44,272 - settings - __init__ - INFO: 設定ファイルオープン成功
2024-01-16 18:35:44,274 - settings - __init__ - INFO: 設定ファイルフォーマットチェック完了
2024-01-16 18:35:44,274 - settings - __init__ - INFO: 測定局別設定フォーマットチェック完了
2024-01-16 18:35:44,275 - soundvalid - main - INFO: 正常データ保存モードで実行
2024-01-16 18:35:44,275 - soundvalid - main - INFO: 正常パラメータ算出・保存完了
2024-01-16 18:39:58,647 - settings - __init__ - INFO: 設定ファイルオープン成功
2024-01-16 18:39:58,648 - settings - __init__ - INFO: 設定ファイルフォーマットチェック完了
2024-01-16 18:39:58,649 - settings - __init__ - INFO: 測定局別設定フォーマットチェック完了
2024-01-16 18:39:58,651 - soundvalid - main - INFO: 正常データ保存モードで実行
2024-01-16 18:40:32,125 - settings - __init__ - INFO: 設定ファイルオープン成功
2024-01-16 18:40:32,126 - settings - __init__ - INFO: 設定ファイルフォーマットチェック完了
2024-01-16 18:40:32,127 - settings - __init__ - INFO: 測定局別設定フォーマットチェック完了
2024-01-16 18:40:32,129 - soundvalid - main - INFO: 正常データ保存モードで実行
2024-01-16 18:40:32,129 - soundvalid - main - INFO: 正常パラメータ算出・保存完了
2024-01-16 18:46:28,233 - settings - __init__ - INFO: 設定ファイルオープン成功
2024-01-16 18:46:28,234 - settings - __init__ - INFO: 設定ファイルフォーマットチェック完了
2024-01-16 18:46:28,234 - settings - __init__ - INFO: 測定局別設定フォーマットチェック完了
2024-01-16 18:46:28,236 - soundvalid - main - INFO: 正常データ保存モードで実行
2024-01-16 18:46:28,236 - soundvalid - main - INFO: 正常パラメータ算出・保存完了
2024-01-16 18:46:41,291 - settings - __init__ - INFO: 設定ファイルオープン成功
2024-01-16 18:46:41,293 - settings - __init__ - INFO: 設定ファイルフォーマットチェック完了
2024-01-16 18:46:41,293 - settings - __init__ - INFO: 測定局別設定フォーマットチェック完了
2024-01-16 18:46:41,293 - soundvalid - main - INFO: 正常データ保存モードで実行
2024-01-16 18:48:05,617 - settings - __init__ - INFO: 設定ファイルオープン成功
2024-01-16 18:48:05,619 - settings - __init__ - INFO: 設定ファイルフォーマットチェック完了
2024-01-16 18:48:05,619 - settings - __init__ - INFO: 測定局別設定フォーマットチェック完了
2024-01-16 18:48:05,621 - soundvalid - main - INFO: 正常データ保存モードで実行
2024-01-16 18:48:05,621 - soundvalid - main - INFO: 正常パラメータ算出・保存完了
2024-01-16 18:48:22,952 - settings - __init__ - INFO: 設定ファイルオープン成功
2024-01-16 18:48:22,954 - settings - __init__ - INFO: 設定ファイルフォーマットチェック完了
2024-01-16 18:48:22,954 - settings - __init__ - INFO: 測定局別設定フォーマットチェック完了
2024-01-16 18:48:22,955 - soundvalid - main - INFO: 正常データ保存モードで実行
2024-01-16 18:48:22,956 - soundvalid - main - INFO: 正常パラメータ算出・保存完了
2024-01-16 18:48:34,355 - settings - __init__ - INFO: 設定ファイルオープン成功
2024-01-16 18:48:34,357 - settings - __init__ - INFO: 設定ファイルフォーマットチェック完了
2024-01-16 18:48:34,357 - settings - __check_station_settings - ERROR: CH53:learnig_validはtrueもしくはfalseの文字列で指定して下さい:入力値=falseaa
2024-01-16 18:48:41,735 - settings - __init__ - INFO: 設定ファイルオープン成功
2024-01-16 18:48:41,736 - settings - __init__ - INFO: 設定ファイルフォーマットチェック完了
2024-01-16 18:48:41,737 - settings - __init__ - INFO: 測定局別設定フォーマットチェック完了
2024-01-16 18:48:41,737 - soundvalid - main - INFO: 正常データ保存モードで実行
2024-01-16 18:48:41,739 - soundvalid - main - INFO: 正常パラメータ算出・保存完了
