2024-01-26 11:43:50,140 - settings - __init__ - INFO: アプリケーション設定ファイルロード成功
2024-01-26 11:43:50,140 - settings - __init__ - INFO: アプリケーション設定パラメータフォーマットチェック完了
2024-01-26 11:43:50,147 - settings - __init__ - INFO: 測定局別設定パラメータフォーマットチェック完了
2024-01-26 11:43:50,148 - soundvalid - main - INFO: 異常検知モードで実行
2024-01-26 11:43:50,148 - soundvalid - main - ERROR: 騒音計マイク感度チェック失敗 実行対象の測定局がありません、終了します
2024-01-26 11:46:49,153 - settings - __init__ - INFO: アプリケーション設定ファイルロード成功
2024-01-26 11:46:49,154 - settings - __init__ - INFO: アプリケーション設定パラメータフォーマットチェック完了
2024-01-26 11:46:49,155 - settings - __init__ - INFO: 測定局別設定パラメータフォーマットチェック完了
2024-01-26 11:46:49,156 - soundvalid - main - INFO: 異常検知モードで実行
2024-01-26 11:46:56,669 - sensitivity_detecter - _jadge_sensivity - INFO: 異常-500Hz-マイク感度低い
2024-01-26 11:46:56,669 - sensitivity_detecter - _do_valid_station - INFO: CH53-2024-01-25-500Hz:感度チェック分析成功
2024-01-26 11:47:04,060 - sensitivity_detecter - _delete_outlier_value - ERROR: 対象日内の異常検知パラメータが正常パラメータの標準偏差内に収まりませんでした
2024-01-26 11:47:04,060 - sensitivity_detecter - _do_valid_station - ERROR: 1000Hz-対象日内の異常検知パラメータが正常パラメータの標準偏差内に収まりませんでした]
2024-01-26 11:48:16,059 - settings - __init__ - INFO: アプリケーション設定ファイルロード成功
2024-01-26 11:48:16,060 - settings - __init__ - INFO: アプリケーション設定パラメータフォーマットチェック完了
2024-01-26 11:48:16,061 - settings - __init__ - INFO: 測定局別設定パラメータフォーマットチェック完了
2024-01-26 11:48:16,062 - soundvalid - main - INFO: 異常検知モードで実行
2024-01-26 11:48:23,562 - sensitivity_detecter - _jadge_sensivity - INFO: 異常-500Hz-マイク感度低い
2024-01-26 11:48:23,562 - sensitivity_detecter - _do_valid_station - INFO: CH53-2024-01-25-500Hz:感度チェック分析成功
2024-01-26 11:48:31,047 - sensitivity_detecter - _delete_outlier_value - ERROR: 対象日内の異常検知パラメータが正常パラメータの標準偏差内に収まりませんでした
2024-01-26 11:48:31,047 - sensitivity_detecter - _do_valid_station - ERROR: 1000Hz-対象日内の異常検知パラメータが正常パラメータの標準偏差内に収まりませんでした]
2024-01-26 11:50:08,911 - settings - __init__ - INFO: アプリケーション設定ファイルロード成功
2024-01-26 11:50:08,911 - settings - __init__ - INFO: アプリケーション設定パラメータフォーマットチェック完了
2024-01-26 11:50:08,913 - settings - __init__ - INFO: 測定局別設定パラメータフォーマットチェック完了
2024-01-26 11:50:08,914 - soundvalid - main - INFO: 異常検知モードで実行
2024-01-26 11:50:08,914 - soundvalid - main - ERROR: 騒音計マイク感度チェック失敗 実行対象の測定局がありません、終了します
2024-01-26 11:56:54,124 - settings - __init__ - INFO: アプリケーション設定ファイルロード成功
2024-01-26 11:56:54,125 - settings - __init__ - INFO: アプリケーション設定パラメータフォーマットチェック完了
2024-01-26 11:56:54,126 - settings - __init__ - INFO: 測定局別設定パラメータフォーマットチェック完了
2024-01-26 11:56:54,127 - soundvalid - main - INFO: 異常検知モードで実行
2024-01-26 11:56:54,127 - soundvalid - main - ERROR: 騒音計マイク感度チェック失敗 実行対象の測定局がありません、終了します
2024-01-26 11:58:28,279 - settings - __init__ - INFO: アプリケーション設定ファイルロード成功
2024-01-26 11:58:28,279 - settings - __init__ - INFO: アプリケーション設定パラメータフォーマットチェック完了
2024-01-26 11:58:28,279 - settings - __init__ - INFO: 測定局別設定パラメータフォーマットチェック完了
2024-01-26 11:58:28,279 - soundvalid - main - INFO: 異常検知モードで実行
2024-01-26 11:58:28,279 - soundvalid - main - ERROR: 騒音計マイク感度チェック失敗 実行対象の測定局がありません、終了します
2024-01-26 11:58:42,920 - soundvalid - main - ERROR: 騒音計マイク故障チェック失敗 expected str, bytes or os.PathLike object, not builtin_function_or_method
2024-01-26 11:59:04,857 - settings - __init__ - INFO: アプリケーション設定ファイルロード成功
2024-01-26 11:59:04,857 - settings - __init__ - INFO: アプリケーション設定パラメータフォーマットチェック完了
2024-01-26 11:59:04,867 - settings - __init__ - INFO: 測定局別設定パラメータフォーマットチェック完了
2024-01-26 11:59:04,868 - soundvalid - main - INFO: 異常検知モードで実行
2024-01-26 11:59:04,869 - soundvalid - main - ERROR: 騒音計マイク感度チェック失敗 実行対象の測定局がありません、終了します
2024-01-26 11:59:12,279 - soundvalid - main - ERROR: 騒音計マイク故障チェック失敗 expected str, bytes or os.PathLike object, not builtin_function_or_method
2024-01-26 12:00:06,950 - settings - __init__ - INFO: アプリケーション設定ファイルロード成功
2024-01-26 12:00:06,950 - settings - __init__ - INFO: アプリケーション設定パラメータフォーマットチェック完了
2024-01-26 12:00:06,950 - settings - __init__ - INFO: 測定局別設定パラメータフォーマットチェック完了
2024-01-26 12:00:06,950 - soundvalid - main - INFO: 異常検知モードで実行
2024-01-26 12:00:06,950 - soundvalid - main - ERROR: 騒音計マイク感度チェック失敗 実行対象の測定局がありません、終了します
2024-01-26 12:00:14,326 - soundvalid - main - ERROR: 騒音計マイク故障チェック失敗 expected str, bytes or os.PathLike object, not builtin_function_or_method
2024-01-26 12:00:59,661 - settings - __init__ - INFO: アプリケーション設定ファイルロード成功
2024-01-26 12:00:59,662 - settings - __init__ - INFO: アプリケーション設定パラメータフォーマットチェック完了
2024-01-26 12:00:59,663 - settings - __init__ - INFO: 測定局別設定パラメータフォーマットチェック完了
2024-01-26 12:00:59,665 - soundvalid - main - INFO: 異常検知モードで実行
2024-01-26 12:00:59,666 - soundvalid - main - ERROR: 騒音計マイク感度チェック失敗 実行対象の測定局がありません、終了します
2024-01-26 12:01:07,060 - soundvalid - main - ERROR: 騒音計マイク故障チェック失敗 expected str, bytes or os.PathLike object, not builtin_function_or_method
2024-01-26 12:01:22,168 - settings - __init__ - INFO: アプリケーション設定ファイルロード成功
2024-01-26 12:01:22,169 - settings - __init__ - INFO: アプリケーション設定パラメータフォーマットチェック完了
2024-01-26 12:01:22,169 - settings - __init__ - INFO: 測定局別設定パラメータフォーマットチェック完了
2024-01-26 12:01:22,170 - soundvalid - main - INFO: 異常検知モードで実行
2024-01-26 12:01:22,170 - soundvalid - main - ERROR: 騒音計マイク感度チェック失敗 実行対象の測定局がありません、終了します
2024-01-26 12:01:29,578 - soundvalid - main - ERROR: 騒音計マイク故障チェック失敗 expected str, bytes or os.PathLike object, not builtin_function_or_method
2024-01-26 12:01:45,392 - settings - __init__ - INFO: アプリケーション設定ファイルロード成功
2024-01-26 12:01:45,392 - settings - __init__ - INFO: アプリケーション設定パラメータフォーマットチェック完了
2024-01-26 12:01:45,405 - settings - __init__ - INFO: 測定局別設定パラメータフォーマットチェック完了
2024-01-26 12:01:45,405 - soundvalid - main - INFO: 異常検知モードで実行
2024-01-26 12:01:45,405 - soundvalid - main - ERROR: 騒音計マイク感度チェック失敗 実行対象の測定局がありません、終了します
2024-01-26 12:02:47,967 - settings - __init__ - INFO: アプリケーション設定ファイルロード成功
2024-01-26 12:02:47,967 - settings - __init__ - INFO: アプリケーション設定パラメータフォーマットチェック完了
2024-01-26 12:02:47,967 - settings - __init__ - INFO: 測定局別設定パラメータフォーマットチェック完了
2024-01-26 12:02:47,967 - soundvalid - main - INFO: 異常検知モードで実行
2024-01-26 12:02:47,967 - soundvalid - main - ERROR: 騒音計マイク感度チェック失敗 実行対象の測定局がありません、終了します
2024-01-26 12:02:55,571 - soundvalid - main - ERROR: 騒音計マイク故障チェック失敗 expected str, bytes or os.PathLike object, not builtin_function_or_method
2024-01-26 13:03:21,516 - settings - __init__ - INFO: アプリケーション設定ファイルロード成功
2024-01-26 13:03:21,517 - settings - __init__ - INFO: アプリケーション設定パラメータフォーマットチェック完了
2024-01-26 13:03:21,517 - settings - __init__ - INFO: 測定局別設定パラメータフォーマットチェック完了
2024-01-26 13:03:21,519 - soundvalid - main - INFO: 異常検知モードで実行
2024-01-26 13:03:21,519 - soundvalid - main - ERROR: 騒音計マイク感度チェック失敗 実行対象の測定局がありません、終了します
2024-01-26 13:05:56,607 - settings - __init__ - INFO: アプリケーション設定ファイルロード成功
2024-01-26 13:05:56,607 - settings - __init__ - INFO: アプリケーション設定パラメータフォーマットチェック完了
2024-01-26 13:05:56,607 - settings - __init__ - INFO: 測定局別設定パラメータフォーマットチェック完了
2024-01-26 13:05:56,607 - soundvalid - main - INFO: 異常検知モードで実行
2024-01-26 13:05:56,607 - soundvalid - main - ERROR: 騒音計マイク感度チェック失敗 実行対象の測定局がありません、終了します
2024-01-26 13:06:51,400 - settings - __init__ - INFO: アプリケーション設定ファイルロード成功
2024-01-26 13:06:51,401 - settings - __init__ - INFO: アプリケーション設定パラメータフォーマットチェック完了
2024-01-26 13:06:51,402 - settings - __init__ - INFO: 測定局別設定パラメータフォーマットチェック完了
2024-01-26 13:06:51,403 - soundvalid - main - INFO: 異常検知モードで実行
2024-01-26 13:06:51,404 - soundvalid - main - ERROR: 騒音計マイク感度チェック失敗 実行対象の測定局がありません、終了します
2024-01-26 13:07:55,968 - settings - __init__ - INFO: アプリケーション設定ファイルロード成功
2024-01-26 13:07:55,968 - settings - __init__ - INFO: アプリケーション設定パラメータフォーマットチェック完了
2024-01-26 13:07:55,968 - settings - __init__ - INFO: 測定局別設定パラメータフォーマットチェック完了
2024-01-26 13:07:55,982 - soundvalid - main - INFO: 異常検知モードで実行
2024-01-26 13:07:55,982 - soundvalid - main - ERROR: 騒音計マイク感度チェック失敗 実行対象の測定局がありません、終了します
2024-01-26 13:08:58,381 - settings - __init__ - INFO: アプリケーション設定ファイルロード成功
2024-01-26 13:08:58,383 - settings - __init__ - INFO: アプリケーション設定パラメータフォーマットチェック完了
2024-01-26 13:08:58,383 - settings - __init__ - INFO: 測定局別設定パラメータフォーマットチェック完了
2024-01-26 13:08:58,384 - soundvalid - main - INFO: 異常検知モードで実行
2024-01-26 13:08:58,384 - soundvalid - main - ERROR: 騒音計マイク感度チェック失敗 実行対象の測定局がありません、終了します
2024-01-26 13:10:09,061 - settings - __init__ - INFO: アプリケーション設定ファイルロード成功
2024-01-26 13:10:09,062 - settings - __init__ - INFO: アプリケーション設定パラメータフォーマットチェック完了
2024-01-26 13:10:09,063 - settings - __init__ - INFO: 測定局別設定パラメータフォーマットチェック完了
2024-01-26 13:10:09,064 - soundvalid - main - INFO: 異常検知モードで実行
2024-01-26 13:10:09,065 - soundvalid - main - ERROR: 騒音計マイク感度チェック失敗 実行対象の測定局がありません、終了します
